# JRE version: Java(TM) SE Runtime Environment (8.0_45-b14) (build 1.8.0_45-b14)
# Java VM: Java HotSpot(TM) 64-Bit Server VM (25.45-b02 mixed mode linux-amd64 compressed oops)
Heap:
 PSYoungGen      total 657408K, used 350055K [0x00000000d6f80000, 0x0000000100000000, 0x0000000100000000)
  eden space 644096K, 54% used [0x00000000d6f80000,0x00000000ec551e20,0x00000000fe480000)
  from space 13312K, 0% used [0x00000000fe480000,0x00000000fe488000,0x00000000ff180000)
  to   space 12800K, 0% used [0x00000000ff380000,0x00000000ff380000,0x0000000100000000)
 ParOldGen       total 744960K, used 351295K [0x0000000084e00000, 0x00000000b2580000, 0x00000000d6f80000)
  object space 744960K, 47% used [0x0000000084e00000,0x000000009a50ff98,0x00000000b2580000)
 Metaspace       used 24794K, capacity 25022K, committed 25472K, reserved 1071104K
  class space    used 2820K, capacity 2906K, committed 2944K, reserved 1048576K
GC Heap History (10 events):
Event: 1651.507 GC heap before
{Heap before GC invocations=519 (full 14):
 PSYoungGen      total 656384K, used 645152K [0x00000000d6f80000, 0x00000000ffe80000, 0x0000000100000000)
  eden space 644096K, 100% used [0x00000000d6f80000,0x00000000fe480000,0x00000000fe480000)
  from space 12288K, 8% used [0x00000000ff280000,0x00000000ff388000,0x00000000ffe80000)
  to   space 13312K, 0% used [0x00000000fe480000,0x00000000fe480000,0x00000000ff180000)
 ParOldGen       total 744960K, used 343018K [0x0000000084e00000, 0x00000000b2580000, 0x00000000d6f80000)
  object space 744960K, 46% used [0x0000000084e00000,0x0000000099cfaaf8,0x00000000b2580000)
 Metaspace       used 24776K, capacity 25022K, committed 25472K, reserved 1071104K
  class space    used 2819K, capacity 2906K, committed 2944K, reserved 1048576K
Event: 1651.509 GC heap after
Heap after GC invocations=519 (full 14):
 PSYoungGen      total 657408K, used 64K [0x00000000d6f80000, 0x0000000100000000, 0x0000000100000000)
  eden space 644096K, 0% used [0x00000000d6f80000,0x00000000d6f80000,0x00000000fe480000)
  from space 13312K, 0% used [0x00000000fe480000,0x00000000fe490000,0x00000000ff180000)
  to   space 12800K, 0% used [0x00000000ff380000,0x00000000ff380000,0x0000000100000000)
 ParOldGen       total 744960K, used 343026K [0x0000000084e00000, 0x00000000b2580000, 0x00000000d6f80000)
  object space 744960K, 46% used [0x0000000084e00000,0x0000000099cfcaf8,0x00000000b2580000)
 Metaspace       used 24776K, capacity 25022K, committed 25472K, reserved 1071104K
  class space    used 2819K, capacity 2906K, committed 2944K, reserved 1048576K
}
Event: 1652.505 GC heap before
{Heap before GC invocations=520 (full 14):
 PSYoungGen      total 657408K, used 644160K [0x00000000d6f80000, 0x0000000100000000, 0x0000000100000000)
  eden space 644096K, 100% used [0x00000000d6f80000,0x00000000fe480000,0x00000000fe480000)
  from space 13312K, 0% used [0x00000000fe480000,0x00000000fe490000,0x00000000ff180000)
  to   space 12800K, 0% used [0x00000000ff380000,0x00000000ff380000,0x0000000100000000)
 ParOldGen       total 744960K, used 343026K [0x0000000084e00000, 0x00000000b2580000, 0x00000000d6f80000)
  object space 744960K, 46% used [0x0000000084e00000,0x0000000099cfcaf8,0x00000000b2580000)
 Metaspace       used 24776K, capacity 25022K, committed 25472K, reserved 1071104K
  class space    used 2819K, capacity 2906K, committed 2944K, reserved 1048576K
Event: 1652.526 GC heap after
Heap after GC invocations=520 (full 14):
 PSYoungGen      total 656384K, used 10308K [0x00000000d6f80000, 0x0000000100000000, 0x0000000100000000)
  eden space 643584K, 0% used [0x00000000d6f80000,0x00000000d6f80000,0x00000000fe400000)
  from space 12800K, 80% used [0x00000000ff380000,0x00000000ffd91290,0x0000000100000000)
  to   space 14336K, 0% used [0x00000000fe400000,0x00000000fe400000,0x00000000ff200000)
 ParOldGen       total 744960K, used 343026K [0x0000000084e00000, 0x00000000b2580000, 0x00000000d6f80000)
  object space 744960K, 46% used [0x0000000084e00000,0x0000000099cfcaf8,0x00000000b2580000)
 Metaspace       used 24776K, capacity 25022K, committed 25472K, reserved 1071104K
  class space    used 2819K, capacity 2906K, committed 2944K, reserved 1048576K
}
Event: 1653.626 GC heap before
{Heap before GC invocations=521 (full 14):
 PSYoungGen      total 656384K, used 653892K [0x00000000d6f80000, 0x0000000100000000, 0x0000000100000000)
  eden space 643584K, 100% used [0x00000000d6f80000,0x00000000fe400000,0x00000000fe400000)
  from space 12800K, 80% used [0x00000000ff380000,0x00000000ffd91290,0x0000000100000000)
  to   space 14336K, 0% used [0x00000000fe400000,0x00000000fe400000,0x00000000ff200000)
 ParOldGen       total 744960K, used 343026K [0x0000000084e00000, 0x00000000b2580000, 0x00000000d6f80000)
  object space 744960K, 46% used [0x0000000084e00000,0x0000000099cfcaf8,0x00000000b2580000)
 Metaspace       used 24776K, capacity 25022K, committed 25472K, reserved 1071104K
  class space    used 2819K, capacity 2906K, committed 2944K, reserved 1048576K
Event: 1653.652 GC heap after
Heap after GC invocations=521 (full 14):
 PSYoungGen      total 657920K, used 1088K [0x00000000d6f80000, 0x0000000100000000, 0x0000000100000000)
  eden space 643584K, 0% used [0x00000000d6f80000,0x00000000d6f80000,0x00000000fe400000)
  from space 14336K, 7% used [0x00000000fe400000,0x00000000fe510000,0x00000000ff200000)
  to   space 13824K, 0% used [0x00000000ff280000,0x00000000ff280000,0x0000000100000000)
 ParOldGen       total 744960K, used 351279K [0x0000000084e00000, 0x00000000b2580000, 0x00000000d6f80000)
  object space 744960K, 47% used [0x0000000084e00000,0x000000009a50bf98,0x00000000b2580000)
 Metaspace       used 24776K, capacity 25022K, committed 25472K, reserved 1071104K
  class space    used 2819K, capacity 2906K, committed 2944K, reserved 1048576K
}
Event: 1654.743 GC heap before
{Heap before GC invocations=522 (full 14):
 PSYoungGen      total 657920K, used 644672K [0x00000000d6f80000, 0x0000000100000000, 0x0000000100000000)
  eden space 643584K, 100% used [0x00000000d6f80000,0x00000000fe400000,0x00000000fe400000)
  from space 14336K, 7% used [0x00000000fe400000,0x00000000fe510000,0x00000000ff200000)
  to   space 13824K, 0% used [0x00000000ff280000,0x00000000ff280000,0x0000000100000000)
 ParOldGen       total 744960K, used 351279K [0x0000000084e00000, 0x00000000b2580000, 0x00000000d6f80000)
  object space 744960K, 47% used [0x0000000084e00000,0x000000009a50bf98,0x00000000b2580000)
 Metaspace       used 24776K, capacity 25022K, committed 25472K, reserved 1071104K
  class space    used 2819K, capacity 2906K, committed 2944K, reserved 1048576K
Event: 1654.747 GC heap after
Heap after GC invocations=522 (full 14):
 PSYoungGen      total 656384K, used 640K [0x00000000d6f80000, 0x00000000ffe80000, 0x0000000100000000)
  eden space 644096K, 0% used [0x00000000d6f80000,0x00000000d6f80000,0x00000000fe480000)
  from space 12288K, 5% used [0x00000000ff280000,0x00000000ff320000,0x00000000ffe80000)
  to   space 13312K, 0% used [0x00000000fe480000,0x00000000fe480000,0x00000000ff180000)
 ParOldGen       total 744960K, used 351287K [0x0000000084e00000, 0x00000000b2580000, 0x00000000d6f80000)
  object space 744960K, 47% used [0x0000000084e00000,0x000000009a50df98,0x00000000b2580000)
 Metaspace       used 24776K, capacity 25022K, committed 25472K, reserved 1071104K
  class space    used 2819K, capacity 2906K, committed 2944K, reserved 1048576K
}
Event: 1655.927 GC heap before
{Heap before GC invocations=523 (full 14):
 PSYoungGen      total 656384K, used 644736K [0x00000000d6f80000, 0x00000000ffe80000, 0x0000000100000000)
  eden space 644096K, 100% used [0x00000000d6f80000,0x00000000fe480000,0x00000000fe480000)
  from space 12288K, 5% used [0x00000000ff280000,0x00000000ff320000,0x00000000ffe80000)
  to   space 13312K, 0% used [0x00000000fe480000,0x00000000fe480000,0x00000000ff180000)
 ParOldGen       total 744960K, used 351287K [0x0000000084e00000, 0x00000000b2580000, 0x00000000d6f80000)
  object space 744960K, 47% used [0x0000000084e00000,0x000000009a50df98,0x00000000b2580000)
 Metaspace       used 24776K, capacity 25022K, committed 25472K, reserved 1071104K
  class space    used 2819K, capacity 2906K, committed 2944K, reserved 1048576K
Event: 1655.929 GC heap after
Heap after GC invocations=523 (full 14):
 PSYoungGen      total 657408K, used 32K [0x00000000d6f80000, 0x0000000100000000, 0x0000000100000000)
  eden space 644096K, 0% used [0x00000000d6f80000,0x00000000d6f80000,0x00000000fe480000)
  from space 13312K, 0% used [0x00000000fe480000,0x00000000fe488000,0x00000000ff180000)
  to   space 12800K, 0% used [0x00000000ff380000,0x00000000ff380000,0x0000000100000000)
 ParOldGen       total 744960K, used 351295K [0x0000000084e00000, 0x00000000b2580000, 0x00000000d6f80000)
  object space 744960K, 47% used [0x0000000084e00000,0x000000009a50ff98,0x00000000b2580000)
 Metaspace       used 24776K, capacity 25022K, committed 25472K, reserved 1071104K
  class space    used 2819K, capacity 2906K, committed 2944K, reserved 1048576K
}

